<?xml version="1.0" encoding="UTF-8"?>
<!-- Generated by org.testng.reporters.JUnitReportReporter -->
<testsuite hostname="DESKTOP-9NP4PP6" failures="0" tests="3" name="com.bunnings.tests.WebUITests" time="69.576" errors="0" timestamp="07 Apr. 2021 02:38:00 GMT" skipped="0">
  <testcase classname="com.bunnings.tests.WebUITests" name="searchWithInputText" time="23.917"/>
  <testcase classname="com.bunnings.tests.WebUITests" name="searchWithSpecialCharacters" time="26.105"/>
  <testcase classname="com.bunnings.tests.WebUITests" name="searchWithoutInputText" time="19.554"/>
</testsuite> <!-- com.bunnings.tests.WebUITests -->
